República do Suriname  não foi encontrada
35 - EE Barão de Jundiaí  não foi encontrada
36 - EE Doutor Eloy de Miranda Chaves  não foi encontrada
37 - EE Profª Antonieta Grassi Malatrasi não foi encontrada
42 - EE Chilorita de Oliveira Penteado Martins  não foi encontrada
50 - EE Prof Maria do Carmo Arruda  não foi encontrada
56 - EE Leico Akaishi  não foi encontrada
57 - EE Santinho Carnavale  não foi encontrada
59 - EE Benedita Aranha de Oliveira Lino  não foi encontrada
64 - EE Oscavo Paulo  não foi encontrada
66 - EE 8 de Abril  não foi encontrada
80 - EE Beatriz Caixeiro Del Cistia  não foi encontrada
102 - ETEC Jardim Angela não foi encontrada
107 - EE Comendador Miguel Maluhy  não foi encontrada
109 - EE Fidelino Figueiredo  não foi encontrada
111 - EE Salvador Allende  não foi encontrada
113 - EE Pequeno Cotolengo  não foi encontrada
116 - EE Pio Telles  não foi encontrada
118 - EE José Lins do Rego  não foi encontrada
119 - EE Eulalia Silva  não foi encontrada
120 - EE Estela Borges Morato  não foi encontrada
121 - EE Pedro Fonseca  não foi encontrada
122 - EE Tancredo de Almeida Neves  não foi encontrada
123 - EE Flávio José Osório Negrini  não foi encontrada
124 - EE Marilsa Garbosa  não foi encontrada
125 - EE Antônio Manoel Alves de Lima  não foi encontrada
126 - EE Martinho da Silva não foi encontrada
127 - EE Integral Alves Cruz não foi encontrada
128 - EE Professora Neyde Apparecida Sollitto  não foi encontrada
137 - EE Miss Browne  não foi encontrada
138 - EE Mary Moraes  não foi encontrada
139 - EE Zulmira Cavaleiro Faustino não foi encontrada
141 - EE Sinhá Pantoja  não foi encontrada
147 - EE Maria Regina M C Guimarães  não foi encontrada
148 - EE Dona Ana Rosa  não foi encontrada
149 - EE Cohab Inácio Monteiro III não foi encontrada
150 - EE Moacyr de Campos  não foi encontrada
151 - EE Orville Derby não foi encontrada
152 - EE Salim Farah Maluf  não foi encontrada
153 - EE Wilma Flor não foi encontrada
154 - EE Augusto Meirelles Reis Filho  não foi encontrada
155 - EE Castro Alves  não foi encontrada
156 - EE Professor Andronico de Mello  não foi encontrada
157 - EE Antonio Aggio  não foi encontrada
158 - EE Honório Monteiro  não foi encontrada
159 - EE João Ernesto Faggin  não foi encontrada
160 - EE Luís Magalhães de Araújo  não foi encontrada
161 - EE Maria Peccioli Giannasi  não foi encontrada
162 - EE Oswald de Andrade Sul 2  não foi encontrada
163 - EE Plínio Negrão  não foi encontrada
164 - EE Profª Etelvina de Góes Marcucci  não foi encontrada
165 - EE Raul Fonseca  não foi encontrada
167 - EE Prof Silveira Coelho não foi encontrada
168 - EE Benedita Ribas  não foi encontrada
170 -  não foi encontrada
